<?xml version="1.0" encoding="UTF-8"?>
<coverage generated="1775263217486" clover="3.2.0">
  <project timestamp="1775263217486" name="All files">
    <metrics statements="181" coveredstatements="113" conditionals="62" coveredconditionals="36" methods="37" coveredmethods="29" elements="280" coveredelements="178" complexity="0" loc="181" ncloc="181" packages="3" files="4" classes="4"/>
    <package name="src">
      <metrics statements="5" coveredstatements="0" conditionals="0" coveredconditionals="0" methods="2" coveredmethods="0"/>
      <file name="index.ts" path="/Users/lab/.openclaw/workspace/skills/session-compact/src/index.ts">
        <metrics statements="5" coveredstatements="0" conditionals="0" coveredconditionals="0" methods="2" coveredmethods="0"/>
        <line num="5" count="0" type="stmt"/>
        <line num="13" count="0" type="stmt"/>
        <line num="19" count="0" type="stmt"/>
        <line num="20" count="0" type="stmt"/>
        <line num="21" count="0" type="stmt"/>
      </file>
    </package>
    <package name="src.cli">
      <metrics statements="50" coveredstatements="0" conditionals="13" coveredconditionals="0" methods="6" coveredmethods="0"/>
      <file name="register.ts" path="/Users/lab/.openclaw/workspace/skills/session-compact/src/cli/register.ts">
        <metrics statements="50" coveredstatements="0" conditionals="13" coveredconditionals="0" methods="6" coveredmethods="0"/>
        <line num="10" count="0" type="stmt"/>
        <line num="21" count="0" type="stmt"/>
        <line num="26" count="0" type="stmt"/>
        <line num="27" count="0" type="stmt"/>
        <line num="28" count="0" type="stmt"/>
        <line num="30" count="0" type="stmt"/>
        <line num="31" count="0" type="stmt"/>
        <line num="33" count="0" type="cond" truecount="0" falsecount="3"/>
        <line num="34" count="0" type="stmt"/>
        <line num="35" count="0" type="stmt"/>
        <line num="38" count="0" type="stmt"/>
        <line num="39" count="0" type="stmt"/>
        <line num="41" count="0" type="cond" truecount="0" falsecount="1"/>
        <line num="42" count="0" type="stmt"/>
        <line num="43" count="0" type="stmt"/>
        <line num="46" count="0" type="stmt"/>
        <line num="47" count="0" type="stmt"/>
        <line num="48" count="0" type="stmt"/>
        <line num="52" count="0" type="stmt"/>
        <line num="56" count="0" type="stmt"/>
        <line num="57" count="0" type="stmt"/>
        <line num="58" count="0" type="stmt"/>
        <line num="59" count="0" type="stmt"/>
        <line num="62" count="0" type="cond" truecount="0" falsecount="2"/>
        <line num="64" count="0" type="stmt"/>
        <line num="65" count="0" type="stmt"/>
        <line num="66" count="0" type="stmt"/>
        <line num="67" count="0" type="stmt"/>
        <line num="68" count="0" type="stmt"/>
        <line num="69" count="0" type="cond" truecount="0" falsecount="2"/>
        <line num="70" count="0" type="stmt"/>
        <line num="71" count="0" type="stmt"/>
        <line num="72" count="0" type="cond" truecount="0" falsecount="2"/>
        <line num="73" count="0" type="stmt"/>
        <line num="77" count="0" type="stmt"/>
        <line num="83" count="0" type="stmt"/>
        <line num="85" count="0" type="cond" truecount="0" falsecount="1"/>
        <line num="86" count="0" type="stmt"/>
        <line num="87" count="0" type="stmt"/>
        <line num="88" count="0" type="stmt"/>
        <line num="89" count="0" type="stmt"/>
        <line num="91" count="0" type="stmt"/>
        <line num="94" count="0" type="cond" truecount="0" falsecount="1"/>
        <line num="96" count="0" type="stmt"/>
        <line num="97" count="0" type="cond" truecount="0" falsecount="1"/>
        <line num="98" count="0" type="stmt"/>
        <line num="99" count="0" type="stmt"/>
        <line num="101" count="0" type="stmt"/>
        <line num="102" count="0" type="stmt"/>
        <line num="106" count="0" type="stmt"/>
      </file>
    </package>
    <package name="src.compact">
      <metrics statements="126" coveredstatements="113" conditionals="49" coveredconditionals="36" methods="29" coveredmethods="29"/>
      <file name="config.ts" path="/Users/lab/.openclaw/workspace/skills/session-compact/src/compact/config.ts">
        <metrics statements="5" coveredstatements="5" conditionals="1" coveredconditionals="1" methods="2" coveredmethods="2"/>
        <line num="9" count="3" type="stmt"/>
        <line num="16" count="3" type="cond" truecount="1" falsecount="0"/>
        <line num="17" count="18" type="stmt"/>
        <line num="23" count="3" type="stmt"/>
        <line num="24" count="3" type="stmt"/>
      </file>
      <file name="engine.ts" path="/Users/lab/.openclaw/workspace/skills/session-compact/src/compact/engine.ts">
        <metrics statements="121" coveredstatements="108" conditionals="48" coveredconditionals="35" methods="27" coveredmethods="27"/>
        <line num="2" count="3" type="stmt"/>
        <line num="3" count="3" type="stmt"/>
        <line num="4" count="3" type="stmt"/>
        <line num="5" count="3" type="stmt"/>
        <line num="18" count="3" type="stmt"/>
        <line num="19" count="6" type="stmt"/>
        <line num="20" count="6" type="stmt"/>
        <line num="21" count="6" type="stmt"/>
        <line num="22" count="1" type="cond" truecount="2" falsecount="2"/>
        <line num="24" count="5" type="stmt"/>
        <line num="25" count="5" type="stmt"/>
        <line num="38" count="7" type="stmt"/>
        <line num="39" count="7" type="cond" truecount="2" falsecount="0"/>
        <line num="40" count="7" type="cond" truecount="2" falsecount="1"/>
        <line num="41" count="0" type="stmt"/>
        <line num="42" count="0" type="stmt"/>
        <line num="45" count="7" type="stmt"/>
        <line num="51" count="7" type="stmt"/>
        <line num="52" count="7" type="stmt"/>
        <line num="53" count="7" type="stmt"/>
        <line num="54" count="7" type="stmt"/>
        <line num="60" count="6" type="stmt"/>
        <line num="61" count="6" type="stmt"/>
        <line num="62" count="5" type="cond" truecount="4" falsecount="0"/>
        <line num="63" count="5" type="stmt"/>
        <line num="68" count="0" type="stmt"/>
        <line num="73" count="1" type="stmt"/>
        <line num="74" count="1" type="stmt"/>
        <line num="77" count="2" type="stmt"/>
        <line num="78" count="2" type="cond" truecount="0" falsecount="1"/>
        <line num="79" count="0" type="stmt"/>
        <line num="81" count="2" type="cond" truecount="0" falsecount="1"/>
        <line num="82" count="0" type="stmt"/>
        <line num="84" count="2" type="stmt"/>
        <line num="98" count="3" type="stmt"/>
        <line num="99" count="23" type="stmt"/>
        <line num="100" count="44" type="cond" truecount="2" falsecount="0"/>
        <line num="101" count="44" type="stmt"/>
        <line num="108" count="3" type="stmt"/>
        <line num="109" count="11" type="stmt"/>
        <line num="111" count="31" type="cond" truecount="2" falsecount="0"/>
        <line num="113" count="28" type="stmt"/>
        <line num="114" count="28" type="cond" truecount="2" falsecount="0"/>
        <line num="116" count="11" type="stmt"/>
        <line num="123" count="5" type="stmt"/>
        <line num="124" count="5" type="cond" truecount="1" falsecount="0"/>
        <line num="125" count="3" type="stmt"/>
        <line num="127" count="2" type="stmt"/>
        <line num="133" count="3" type="stmt"/>
        <line num="134" count="10" type="stmt"/>
        <line num="135" count="15" type="stmt"/>
        <line num="141" count="3" type="stmt"/>
        <line num="142" count="12" type="stmt"/>
        <line num="143" count="12" type="cond" truecount="2" falsecount="0"/>
        <line num="144" count="12" type="stmt"/>
        <line num="145" count="42" type="stmt"/>
        <line num="146" count="42" type="cond" truecount="5" falsecount="0"/>
        <line num="147" count="12" type="stmt"/>
        <line num="153" count="3" type="stmt"/>
        <line num="154" count="12" type="stmt"/>
        <line num="155" count="12" type="cond" truecount="1" falsecount="0"/>
        <line num="156" count="7" type="stmt"/>
        <line num="158" count="31" type="stmt"/>
        <line num="159" count="31" type="cond" truecount="2" falsecount="0"/>
        <line num="166" count="3" type="stmt"/>
        <line num="167" count="5" type="cond" truecount="1" falsecount="0"/>
        <line num="169" count="4" type="stmt"/>
        <line num="170" count="4" type="stmt"/>
        <line num="171" count="4" type="stmt"/>
        <line num="172" count="4" type="stmt"/>
        <line num="173" count="4" type="stmt"/>
        <line num="175" count="4" type="stmt"/>
        <line num="177" count="8" type="stmt"/>
        <line num="179" count="7" type="stmt"/>
        <line num="181" count="12" type="stmt"/>
        <line num="188" count="3" type="stmt"/>
        <line num="192" count="12" type="stmt"/>
        <line num="193" count="12" type="stmt"/>
        <line num="194" count="12" type="stmt"/>
        <line num="197" count="7" type="stmt"/>
        <line num="201" count="7" type="cond" truecount="2" falsecount="1"/>
        <line num="202" count="0" type="cond" truecount="0" falsecount="2"/>
        <line num="203" count="0" type="stmt"/>
        <line num="204" count="0" type="cond" truecount="0" falsecount="1"/>
        <line num="205" count="0" type="stmt"/>
        <line num="210" count="7" type="stmt"/>
        <line num="238" count="7" type="stmt"/>
        <line num="245" count="5" type="stmt"/>
        <line num="248" count="5" type="cond" truecount="1" falsecount="0"/>
        <line num="249" count="5" type="stmt"/>
        <line num="250" count="5" type="stmt"/>
        <line num="262" count="0" type="stmt"/>
        <line num="268" count="0" type="cond" truecount="0" falsecount="1"/>
        <line num="269" count="0" type="stmt"/>
        <line num="272" count="0" type="stmt"/>
        <line num="278" count="3" type="stmt"/>
        <line num="279" count="9" type="stmt"/>
        <line num="280" count="9" type="stmt"/>
        <line num="281" count="9" type="cond" truecount="1" falsecount="0"/>
        <line num="282" count="4" type="stmt"/>
        <line num="284" count="9" type="stmt"/>
        <line num="285" count="9" type="stmt"/>
        <line num="291" count="3" type="stmt"/>
        <line num="292" count="11" type="stmt"/>
        <line num="293" count="11" type="stmt"/>
        <line num="299" count="3" type="stmt"/>
        <line num="303" count="5" type="stmt"/>
        <line num="305" count="5" type="cond" truecount="1" falsecount="0"/>
        <line num="306" count="2" type="stmt"/>
        <line num="314" count="3" type="stmt"/>
        <line num="315" count="3" type="stmt"/>
        <line num="316" count="3" type="stmt"/>
        <line num="317" count="3" type="stmt"/>
        <line num="319" count="3" type="stmt"/>
        <line num="320" count="2" type="stmt"/>
        <line num="322" count="2" type="stmt"/>
        <line num="323" count="2" type="stmt"/>
        <line num="324" count="2" type="stmt"/>
        <line num="326" count="2" type="stmt"/>
        <line num="333" count="1" type="stmt"/>
        <line num="334" count="1" type="stmt"/>
      </file>
    </package>
  </project>
</coverage>
