{"/Users/lab/.openclaw/workspace/skills/session-compact/src/index.ts": {"path":"/Users/lab/.openclaw/workspace/skills/session-compact/src/index.ts","statementMap":{"0":{"start":{"line":5,"column":21},"end":{"line":23,"column":2}},"1":{"start":{"line":13,"column":6},"end":{"line":13,"column":39}},"2":{"start":{"line":19,"column":25},"end":{"line":19,"column":43}},"3":{"start":{"line":20,"column":4},"end":{"line":20,"column":76}},"4":{"start":{"line":21,"column":4},"end":{"line":21,"column":24}}},"fnMap":{"0":{"name":"(anonymous_0)","decl":{"start":{"line":12,"column":14},"end":{"line":12,"column":15}},"loc":{"start":{"line":12,"column":35},"end":{"line":14,"column":5}}},"1":{"name":"(anonymous_1)","decl":{"start":{"line":18,"column":8},"end":{"line":18,"column":13}},"loc":{"start":{"line":18,"column":30},"end":{"line":22,"column":3}}}},"branchMap":{},"s":{"0":0,"1":0,"2":0,"3":0,"4":0},"f":{"0":0,"1":0},"b":{}}
,"/Users/lab/.openclaw/workspace/skills/session-compact/src/cli/register.ts": {"path":"/Users/lab/.openclaw/workspace/skills/session-compact/src/cli/register.ts","statementMap":{"0":{"start":{"line":10,"column":2},"end":{"line":16,"column":4}},"1":{"start":{"line":21,"column":2},"end":{"line":49,"column":7}},"2":{"start":{"line":26,"column":21},"end":{"line":26,"column":33}},"3":{"start":{"line":27,"column":23},"end":{"line":27,"column":50}},"4":{"start":{"line":28,"column":26},"end":{"line":28,"column":54}},"5":{"start":{"line":30,"column":6},"end":{"line":30,"column":63}},"6":{"start":{"line":31,"column":6},"end":{"line":31,"column":56}},"7":{"start":{"line":33,"column":6},"end":{"line":36,"column":7}},"8":{"start":{"line":34,"column":8},"end":{"line":34,"column":79}},"9":{"start":{"line":35,"column":8},"end":{"line":35,"column":15}},"10":{"start":{"line":38,"column":6},"end":{"line":38,"column":46}},"11":{"start":{"line":39,"column":21},"end":{"line":39,"column":59}},"12":{"start":{"line":41,"column":6},"end":{"line":44,"column":7}},"13":{"start":{"line":42,"column":8},"end":{"line":42,"column":50}},"14":{"start":{"line":43,"column":8},"end":{"line":43,"column":15}},"15":{"start":{"line":46,"column":6},"end":{"line":46,"column":79}},"16":{"start":{"line":47,"column":6},"end":{"line":47,"column":61}},"17":{"start":{"line":48,"column":6},"end":{"line":48,"column":90}},"18":{"start":{"line":52,"column":2},"end":{"line":74,"column":7}},"19":{"start":{"line":56,"column":21},"end":{"line":56,"column":33}},"20":{"start":{"line":57,"column":23},"end":{"line":57,"column":50}},"21":{"start":{"line":58,"column":26},"end":{"line":58,"column":54}},"22":{"start":{"line":59,"column":27},"end":{"line":59,"column":58}},"23":{"start":{"line":62,"column":26},"end":{"line":62,"column":59}},"24":{"start":{"line":64,"column":6},"end":{"line":64,"column":39}},"25":{"start":{"line":65,"column":6},"end":{"line":65,"column":58}},"26":{"start":{"line":66,"column":6},"end":{"line":66,"column":71}},"27":{"start":{"line":67,"column":6},"end":{"line":67,"column":77}},"28":{"start":{"line":68,"column":6},"end":{"line":68,"column":95}},"29":{"start":{"line":69,"column":6},"end":{"line":69,"column":85}},"30":{"start":{"line":70,"column":6},"end":{"line":70,"column":58}},"31":{"start":{"line":71,"column":6},"end":{"line":71,"column":75}},"32":{"start":{"line":72,"column":6},"end":{"line":72,"column":88}},"33":{"start":{"line":73,"column":6},"end":{"line":73,"column":55}},"34":{"start":{"line":77,"column":2},"end":{"line":107,"column":7}},"35":{"start":{"line":83,"column":21},"end":{"line":83,"column":33}},"36":{"start":{"line":85,"column":6},"end":{"line":92,"column":7}},"37":{"start":{"line":86,"column":8},"end":{"line":86,"column":48}},"38":{"start":{"line":87,"column":8},"end":{"line":87,"column":60}},"39":{"start":{"line":88,"column":8},"end":{"line":90,"column":11}},"40":{"start":{"line":89,"column":10},"end":{"line":89,"column":38}},"41":{"start":{"line":91,"column":8},"end":{"line":91,"column":15}},"42":{"start":{"line":94,"column":6},"end":{"line":103,"column":7}},"43":{"start":{"line":96,"column":21},"end":{"line":96,"column":40}},"44":{"start":{"line":97,"column":8},"end":{"line":100,"column":9}},"45":{"start":{"line":98,"column":10},"end":{"line":98,"column":56}},"46":{"start":{"line":99,"column":10},"end":{"line":99,"column":17}},"47":{"start":{"line":101,"column":8},"end":{"line":101,"column":39}},"48":{"start":{"line":102,"column":8},"end":{"line":102,"column":15}},"49":{"start":{"line":106,"column":6},"end":{"line":106,"column":75}}},"fnMap":{"0":{"name":"getCurrentSessionMessages","decl":{"start":{"line":7,"column":9},"end":{"line":7,"column":34}},"loc":{"start":{"line":7,"column":34},"end":{"line":17,"column":1}}},"1":{"name":"registerCompactCommands","decl":{"start":{"line":19,"column":16},"end":{"line":19,"column":39}},"loc":{"start":{"line":19,"column":56},"end":{"line":108,"column":1}}},"2":{"name":"(anonymous_2)","decl":{"start":{"line":25,"column":12},"end":{"line":25,"column":17}},"loc":{"start":{"line":25,"column":30},"end":{"line":49,"column":5}}},"3":{"name":"(anonymous_3)","decl":{"start":{"line":55,"column":12},"end":{"line":55,"column":15}},"loc":{"start":{"line":55,"column":17},"end":{"line":74,"column":5}}},"4":{"name":"(anonymous_4)","decl":{"start":{"line":82,"column":12},"end":{"line":82,"column":13}},"loc":{"start":{"line":82,"column":27},"end":{"line":107,"column":5}}},"5":{"name":"(anonymous_5)","decl":{"start":{"line":88,"column":39},"end":{"line":88,"column":40}},"loc":{"start":{"line":88,"column":50},"end":{"line":90,"column":9}}}},"branchMap":{"0":{"loc":{"start":{"line":33,"column":6},"end":{"line":36,"column":7}},"type":"if","locations":[{"start":{"line":33,"column":6},"end":{"line":36,"column":7}}]},"1":{"loc":{"start":{"line":33,"column":10},"end":{"line":33,"column":60}},"type":"binary-expr","locations":[{"start":{"line":33,"column":10},"end":{"line":33,"column":24}},{"start":{"line":33,"column":28},"end":{"line":33,"column":60}}]},"2":{"loc":{"start":{"line":41,"column":6},"end":{"line":44,"column":7}},"type":"if","locations":[{"start":{"line":41,"column":6},"end":{"line":44,"column":7}}]},"3":{"loc":{"start":{"line":62,"column":26},"end":{"line":62,"column":59}},"type":"binary-expr","locations":[{"start":{"line":62,"column":26},"end":{"line":62,"column":38}},{"start":{"line":62,"column":42},"end":{"line":62,"column":59}}]},"4":{"loc":{"start":{"line":69,"column":39},"end":{"line":69,"column":81}},"type":"cond-expr","locations":[{"start":{"line":69,"column":54},"end":{"line":69,"column":72}},{"start":{"line":69,"column":75},"end":{"line":69,"column":81}}]},"5":{"loc":{"start":{"line":72,"column":40},"end":{"line":72,"column":84}},"type":"cond-expr","locations":[{"start":{"line":72,"column":62},"end":{"line":72,"column":71}},{"start":{"line":72,"column":74},"end":{"line":72,"column":84}}]},"6":{"loc":{"start":{"line":85,"column":6},"end":{"line":92,"column":7}},"type":"if","locations":[{"start":{"line":85,"column":6},"end":{"line":92,"column":7}}]},"7":{"loc":{"start":{"line":94,"column":6},"end":{"line":103,"column":7}},"type":"if","locations":[{"start":{"line":94,"column":6},"end":{"line":103,"column":7}}]},"8":{"loc":{"start":{"line":97,"column":8},"end":{"line":100,"column":9}},"type":"if","locations":[{"start":{"line":97,"column":8},"end":{"line":100,"column":9}}]}},"s":{"0":0,"1":0,"2":0,"3":0,"4":0,"5":0,"6":0,"7":0,"8":0,"9":0,"10":0,"11":0,"12":0,"13":0,"14":0,"15":0,"16":0,"17":0,"18":0,"19":0,"20":0,"21":0,"22":0,"23":0,"24":0,"25":0,"26":0,"27":0,"28":0,"29":0,"30":0,"31":0,"32":0,"33":0,"34":0,"35":0,"36":0,"37":0,"38":0,"39":0,"40":0,"41":0,"42":0,"43":0,"44":0,"45":0,"46":0,"47":0,"48":0,"49":0},"f":{"0":0,"1":0,"2":0,"3":0,"4":0,"5":0},"b":{"0":[0],"1":[0,0],"2":[0],"3":[0,0],"4":[0,0],"5":[0,0],"6":[0],"7":[0],"8":[0]}}
,"/Users/lab/.openclaw/workspace/skills/session-compact/src/compact/config.ts": {"path":"/Users/lab/.openclaw/workspace/skills/session-compact/src/compact/config.ts","statementMap":{"0":{"start":{"line":16,"column":0},"end":{"line":16,"column":16}},"1":{"start":{"line":23,"column":0},"end":{"line":23,"column":16}},"2":{"start":{"line":9,"column":38},"end":{"line":14,"column":2}},"3":{"start":{"line":17,"column":2},"end":{"line":20,"column":4}},"4":{"start":{"line":24,"column":2},"end":{"line":28,"column":4}}},"fnMap":{"0":{"name":"loadConfig","decl":{"start":{"line":16,"column":16},"end":{"line":16,"column":26}},"loc":{"start":{"line":16,"column":65},"end":{"line":21,"column":1}}},"1":{"name":"mergeConfigs","decl":{"start":{"line":23,"column":16},"end":{"line":23,"column":28}},"loc":{"start":{"line":23,"column":91},"end":{"line":29,"column":1}}}},"branchMap":{"0":{"loc":{"start":{"line":16,"column":27},"end":{"line":16,"column":65}},"type":"default-arg","locations":[{"start":{"line":16,"column":63},"end":{"line":16,"column":65}}]}},"s":{"0":3,"1":3,"2":3,"3":18,"4":3},"f":{"0":18,"1":3},"b":{"0":[1]}}
,"/Users/lab/.openclaw/workspace/skills/session-compact/src/compact/engine.ts": {"path":"/Users/lab/.openclaw/workspace/skills/session-compact/src/compact/engine.ts","statementMap":{"0":{"start":{"line":18,"column":0},"end":{"line":18,"column":16}},"1":{"start":{"line":98,"column":0},"end":{"line":98,"column":16}},"2":{"start":{"line":108,"column":0},"end":{"line":108,"column":16}},"3":{"start":{"line":133,"column":0},"end":{"line":133,"column":16}},"4":{"start":{"line":141,"column":0},"end":{"line":141,"column":16}},"5":{"start":{"line":153,"column":0},"end":{"line":153,"column":16}},"6":{"start":{"line":166,"column":0},"end":{"line":166,"column":16}},"7":{"start":{"line":188,"column":0},"end":{"line":188,"column":7}},"8":{"start":{"line":278,"column":0},"end":{"line":278,"column":16}},"9":{"start":{"line":291,"column":0},"end":{"line":291,"column":16}},"10":{"start":{"line":299,"column":0},"end":{"line":299,"column":7}},"11":{"start":{"line":2,"column":0},"end":{"line":2,"column":46}},"12":{"start":{"line":3,"column":0},"end":{"line":3,"column":39}},"13":{"start":{"line":4,"column":0},"end":{"line":4,"column":34}},"14":{"start":{"line":5,"column":0},"end":{"line":5,"column":33}},"15":{"start":{"line":19,"column":21},"end":{"line":19,"column":66}},"16":{"start":{"line":20,"column":2},"end":{"line":26,"column":3}},"17":{"start":{"line":21,"column":19},"end":{"line":21,"column":64}},"18":{"start":{"line":22,"column":4},"end":{"line":22,"column":112}},"19":{"start":{"line":24,"column":4},"end":{"line":24,"column":71}},"20":{"start":{"line":25,"column":4},"end":{"line":25,"column":36}},"21":{"start":{"line":38,"column":17},"end":{"line":38,"column":44}},"22":{"start":{"line":39,"column":19},"end":{"line":39,"column":53}},"23":{"start":{"line":40,"column":2},"end":{"line":43,"column":3}},"24":{"start":{"line":41,"column":4},"end":{"line":41,"column":35}},"25":{"start":{"line":42,"column":4},"end":{"line":42,"column":67}},"26":{"start":{"line":45,"column":24},"end":{"line":49,"column":26}},"27":{"start":{"line":51,"column":2},"end":{"line":85,"column":3}},"28":{"start":{"line":52,"column":22},"end":{"line":52,"column":45}},"29":{"start":{"line":53,"column":20},"end":{"line":53,"column":113}},"30":{"start":{"line":54,"column":19},"end":{"line":58,"column":6}},"31":{"start":{"line":60,"column":4},"end":{"line":75,"column":5}},"32":{"start":{"line":61,"column":21},"end":{"line":61,"column":39}},"33":{"start":{"line":62,"column":6},"end":{"line":67,"column":7}},"34":{"start":{"line":63,"column":8},"end":{"line":66,"column":10}},"35":{"start":{"line":68,"column":6},"end":{"line":71,"column":8}},"36":{"start":{"line":73,"column":6},"end":{"line":73,"column":60}},"37":{"start":{"line":74,"column":6},"end":{"line":74,"column":58}},"38":{"start":{"line":77,"column":4},"end":{"line":77,"column":55}},"39":{"start":{"line":78,"column":4},"end":{"line":80,"column":5}},"40":{"start":{"line":79,"column":6},"end":{"line":79,"column":92}},"41":{"start":{"line":81,"column":4},"end":{"line":83,"column":5}},"42":{"start":{"line":82,"column":6},"end":{"line":82,"column":117}},"43":{"start":{"line":84,"column":4},"end":{"line":84,"column":57}},"44":{"start":{"line":99,"column":2},"end":{"line":102,"column":8}},"45":{"start":{"line":100,"column":17},"end":{"line":100,"column":34}},"46":{"start":{"line":101,"column":4},"end":{"line":101,"column":44}},"47":{"start":{"line":109,"column":19},"end":{"line":115,"column":6}},"48":{"start":{"line":111,"column":17},"end":{"line":111,"column":57}},"49":{"start":{"line":113,"column":22},"end":{"line":113,"column":56}},"50":{"start":{"line":114,"column":6},"end":{"line":114,"column":79}},"51":{"start":{"line":116,"column":2},"end":{"line":116,"column":29}},"52":{"start":{"line":123,"column":16},"end":{"line":123,"column":64}},"53":{"start":{"line":124,"column":2},"end":{"line":126,"column":3}},"54":{"start":{"line":125,"column":4},"end":{"line":125,"column":27}},"55":{"start":{"line":127,"column":2},"end":{"line":127,"column":25}},"56":{"start":{"line":134,"column":25},"end":{"line":134,"column":66}},"57":{"start":{"line":135,"column":2},"end":{"line":135,"column":64}},"58":{"start":{"line":135,"column":39},"end":{"line":135,"column":62}},"59":{"start":{"line":142,"column":16},"end":{"line":142,"column":63}},"60":{"start":{"line":143,"column":18},"end":{"line":143,"column":44}},"61":{"start":{"line":144,"column":16},"end":{"line":146,"column":145}},"62":{"start":{"line":145,"column":14},"end":{"line":145,"column":22}},"63":{"start":{"line":146,"column":17},"end":{"line":146,"column":144}},"64":{"start":{"line":147,"column":2},"end":{"line":147,"column":27}},"65":{"start":{"line":154,"column":16},"end":{"line":154,"column":71}},"66":{"start":{"line":155,"column":2},"end":{"line":155,"column":24}},"67":{"start":{"line":155,"column":14},"end":{"line":155,"column":24}},"68":{"start":{"line":156,"column":2},"end":{"line":160,"column":17}},"69":{"start":{"line":158,"column":14},"end":{"line":158,"column":22}},"70":{"start":{"line":159,"column":17},"end":{"line":159,"column":39}},"71":{"start":{"line":167,"column":2},"end":{"line":167,"column":42}},"72":{"start":{"line":167,"column":24},"end":{"line":167,"column":42}},"73":{"start":{"line":169,"column":24},"end":{"line":169,"column":65}},"74":{"start":{"line":170,"column":24},"end":{"line":170,"column":60}},"75":{"start":{"line":171,"column":22},"end":{"line":171,"column":54}},"76":{"start":{"line":172,"column":22},"end":{"line":172,"column":49}},"77":{"start":{"line":173,"column":25},"end":{"line":173,"column":68}},"78":{"start":{"line":175,"column":2},"end":{"line":182,"column":12}},"79":{"start":{"line":177,"column":25},"end":{"line":177,"column":35}},"80":{"start":{"line":179,"column":25},"end":{"line":179,"column":35}},"81":{"start":{"line":181,"column":26},"end":{"line":181,"column":55}},"82":{"start":{"line":192,"column":20},"end":{"line":192,"column":66}},"83":{"start":{"line":192,"column":41},"end":{"line":192,"column":58}},"84":{"start":{"line":193,"column":25},"end":{"line":193,"column":76}},"85":{"start":{"line":193,"column":46},"end":{"line":193,"column":68}},"86":{"start":{"line":194,"column":20},"end":{"line":194,"column":66}},"87":{"start":{"line":194,"column":41},"end":{"line":194,"column":58}},"88":{"start":{"line":197,"column":23},"end":{"line":197,"column":60}},"89":{"start":{"line":201,"column":2},"end":{"line":207,"column":3}},"90":{"start":{"line":202,"column":26},"end":{"line":202,"column":51}},"91":{"start":{"line":203,"column":18},"end":{"line":203,"column":110}},"92":{"start":{"line":204,"column":4},"end":{"line":206,"column":5}},"93":{"start":{"line":205,"column":6},"end":{"line":205,"column":40}},"94":{"start":{"line":210,"column":17},"end":{"line":236,"column":8}},"95":{"start":{"line":238,"column":19},"end":{"line":243,"column":4}},"96":{"start":{"line":245,"column":21},"end":{"line":245,"column":60}},"97":{"start":{"line":248,"column":2},"end":{"line":259,"column":3}},"98":{"start":{"line":249,"column":4},"end":{"line":249,"column":104}},"99":{"start":{"line":250,"column":4},"end":{"line":258,"column":12}},"100":{"start":{"line":262,"column":23},"end":{"line":264,"column":null}},"101":{"start":{"line":268,"column":2},"end":{"line":270,"column":3}},"102":{"start":{"line":269,"column":4},"end":{"line":269,"column":66}},"103":{"start":{"line":272,"column":2},"end":{"line":272,"column":22}},"104":{"start":{"line":279,"column":15},"end":{"line":279,"column":152}},"105":{"start":{"line":280,"column":2},"end":{"line":280,"column":39}},"106":{"start":{"line":281,"column":2},"end":{"line":283,"column":3}},"107":{"start":{"line":282,"column":4},"end":{"line":282,"column":60}},"108":{"start":{"line":284,"column":2},"end":{"line":284,"column":204}},"109":{"start":{"line":285,"column":2},"end":{"line":285,"column":16}},"110":{"start":{"line":292,"column":22},"end":{"line":292,"column":50}},"111":{"start":{"line":293,"column":2},"end":{"line":293,"column":49}},"112":{"start":{"line":303,"column":22},"end":{"line":303,"column":50}},"113":{"start":{"line":305,"column":2},"end":{"line":312,"column":3}},"114":{"start":{"line":306,"column":4},"end":{"line":311,"column":6}},"115":{"start":{"line":314,"column":2},"end":{"line":340,"column":3}},"116":{"start":{"line":315,"column":22},"end":{"line":315,"column":44}},"117":{"start":{"line":316,"column":24},"end":{"line":316,"column":53}},"118":{"start":{"line":317,"column":27},"end":{"line":317,"column":53}},"119":{"start":{"line":319,"column":20},"end":{"line":319,"column":62}},"120":{"start":{"line":320,"column":29},"end":{"line":320,"column":51}},"121":{"start":{"line":322,"column":22},"end":{"line":322,"column":53}},"122":{"start":{"line":323,"column":26},"end":{"line":323,"column":55}},"123":{"start":{"line":324,"column":24},"end":{"line":324,"column":49}},"124":{"start":{"line":326,"column":4},"end":{"line":331,"column":6}},"125":{"start":{"line":333,"column":4},"end":{"line":333,"column":86}},"126":{"start":{"line":334,"column":4},"end":{"line":339,"column":6}}},"fnMap":{"0":{"name":"getCurrentModel","decl":{"start":{"line":18,"column":16},"end":{"line":18,"column":31}},"loc":{"start":{"line":18,"column":31},"end":{"line":27,"column":1}}},"1":{"name":"callLLM","decl":{"start":{"line":32,"column":15},"end":{"line":32,"column":22}},"loc":{"start":{"line":37,"column":1},"end":{"line":86,"column":1}}},"2":{"name":"estimateTokenCount","decl":{"start":{"line":98,"column":16},"end":{"line":98,"column":34}},"loc":{"start":{"line":98,"column":72},"end":{"line":103,"column":1}}},"3":{"name":"(anonymous_3)","decl":{"start":{"line":99,"column":25},"end":{"line":99,"column":26}},"loc":{"start":{"line":99,"column":38},"end":{"line":102,"column":3}}},"4":{"name":"extractTimelineFromMessages","decl":{"start":{"line":108,"column":16},"end":{"line":108,"column":43}},"loc":{"start":{"line":108,"column":95},"end":{"line":117,"column":1}}},"5":{"name":"(anonymous_5)","decl":{"start":{"line":111,"column":12},"end":{"line":111,"column":13}},"loc":{"start":{"line":111,"column":17},"end":{"line":111,"column":57}}},"6":{"name":"(anonymous_6)","decl":{"start":{"line":112,"column":9},"end":{"line":112,"column":10}},"loc":{"start":{"line":112,"column":13},"end":{"line":115,"column":5}}},"7":{"name":"extractSummaryContent","decl":{"start":{"line":122,"column":9},"end":{"line":122,"column":30}},"loc":{"start":{"line":122,"column":47},"end":{"line":128,"column":1}}},"8":{"name":"validateSummary","decl":{"start":{"line":133,"column":16},"end":{"line":133,"column":31}},"loc":{"start":{"line":133,"column":47},"end":{"line":136,"column":1}}},"9":{"name":"(anonymous_9)","decl":{"start":{"line":135,"column":30},"end":{"line":135,"column":35}},"loc":{"start":{"line":135,"column":39},"end":{"line":135,"column":62}}},"10":{"name":"extractSummaryHighlights","decl":{"start":{"line":141,"column":16},"end":{"line":141,"column":40}},"loc":{"start":{"line":141,"column":56},"end":{"line":148,"column":1}}},"11":{"name":"(anonymous_11)","decl":{"start":{"line":145,"column":9},"end":{"line":145,"column":10}},"loc":{"start":{"line":145,"column":14},"end":{"line":145,"column":22}}},"12":{"name":"(anonymous_12)","decl":{"start":{"line":146,"column":12},"end":{"line":146,"column":13}},"loc":{"start":{"line":146,"column":17},"end":{"line":146,"column":144}}},"13":{"name":"extractTimeline","decl":{"start":{"line":153,"column":16},"end":{"line":153,"column":31}},"loc":{"start":{"line":153,"column":47},"end":{"line":161,"column":1}}},"14":{"name":"(anonymous_14)","decl":{"start":{"line":158,"column":9},"end":{"line":158,"column":10}},"loc":{"start":{"line":158,"column":14},"end":{"line":158,"column":22}}},"15":{"name":"(anonymous_15)","decl":{"start":{"line":159,"column":12},"end":{"line":159,"column":13}},"loc":{"start":{"line":159,"column":17},"end":{"line":159,"column":39}}},"16":{"name":"mergeCompactedSummaries","decl":{"start":{"line":166,"column":16},"end":{"line":166,"column":39}},"loc":{"start":{"line":166,"column":95},"end":{"line":183,"column":1}}},"17":{"name":"(anonymous_17)","decl":{"start":{"line":177,"column":20},"end":{"line":177,"column":21}},"loc":{"start":{"line":177,"column":25},"end":{"line":177,"column":35}}},"18":{"name":"(anonymous_18)","decl":{"start":{"line":179,"column":20},"end":{"line":179,"column":21}},"loc":{"start":{"line":179,"column":25},"end":{"line":179,"column":35}}},"19":{"name":"(anonymous_19)","decl":{"start":{"line":181,"column":21},"end":{"line":181,"column":22}},"loc":{"start":{"line":181,"column":26},"end":{"line":181,"column":55}}},"20":{"name":"generateSummary","decl":{"start":{"line":188,"column":22},"end":{"line":188,"column":37}},"loc":{"start":{"line":190,"column":23},"end":{"line":273,"column":1}}},"21":{"name":"(anonymous_21)","decl":{"start":{"line":192,"column":36},"end":{"line":192,"column":37}},"loc":{"start":{"line":192,"column":41},"end":{"line":192,"column":58}}},"22":{"name":"(anonymous_22)","decl":{"start":{"line":193,"column":41},"end":{"line":193,"column":42}},"loc":{"start":{"line":193,"column":46},"end":{"line":193,"column":68}}},"23":{"name":"(anonymous_23)","decl":{"start":{"line":194,"column":36},"end":{"line":194,"column":37}},"loc":{"start":{"line":194,"column":41},"end":{"line":194,"column":58}}},"24":{"name":"getContinuationPrompt","decl":{"start":{"line":278,"column":16},"end":{"line":278,"column":37}},"loc":{"start":{"line":278,"column":78},"end":{"line":286,"column":1}}},"25":{"name":"shouldCompact","decl":{"start":{"line":291,"column":16},"end":{"line":291,"column":29}},"loc":{"start":{"line":291,"column":90},"end":{"line":294,"column":1}}},"26":{"name":"compactSession","decl":{"start":{"line":299,"column":22},"end":{"line":299,"column":36}},"loc":{"start":{"line":301,"column":23},"end":{"line":341,"column":1}}}},"branchMap":{"0":{"loc":{"start":{"line":22,"column":11},"end":{"line":22,"column":111}},"type":"binary-expr","locations":[{"start":{"line":22,"column":11},"end":{"line":22,"column":43}},{"start":{"line":22,"column":47},"end":{"line":22,"column":67}},{"start":{"line":22,"column":71},"end":{"line":22,"column":83}},{"start":{"line":22,"column":87},"end":{"line":22,"column":111}}]},"1":{"loc":{"start":{"line":39,"column":19},"end":{"line":39,"column":53}},"type":"binary-expr","locations":[{"start":{"line":39,"column":19},"end":{"line":39,"column":32}},{"start":{"line":39,"column":36},"end":{"line":39,"column":53}}]},"2":{"loc":{"start":{"line":40,"column":2},"end":{"line":43,"column":3}},"type":"if","locations":[{"start":{"line":40,"column":2},"end":{"line":43,"column":3}}]},"3":{"loc":{"start":{"line":40,"column":6},"end":{"line":40,"column":45}},"type":"binary-expr","locations":[{"start":{"line":40,"column":6},"end":{"line":40,"column":17}},{"start":{"line":40,"column":21},"end":{"line":40,"column":45}}]},"4":{"loc":{"start":{"line":62,"column":6},"end":{"line":67,"column":7}},"type":"if","locations":[{"start":{"line":62,"column":6},"end":{"line":67,"column":7}}]},"5":{"loc":{"start":{"line":62,"column":10},"end":{"line":62,"column":86}},"type":"binary-expr","locations":[{"start":{"line":62,"column":10},"end":{"line":62,"column":23}},{"start":{"line":62,"column":27},"end":{"line":62,"column":49}},{"start":{"line":62,"column":53},"end":{"line":62,"column":86}}]},"6":{"loc":{"start":{"line":65,"column":17},"end":{"line":65,"column":74}},"type":"binary-expr","locations":[{"start":{"line":65,"column":17},"end":{"line":65,"column":61}},{"start":{"line":65,"column":65},"end":{"line":65,"column":74}}]},"7":{"loc":{"start":{"line":69,"column":17},"end":{"line":69,"column":79}},"type":"binary-expr","locations":[{"start":{"line":69,"column":17},"end":{"line":69,"column":51}},{"start":{"line":69,"column":55},"end":{"line":69,"column":69}},{"start":{"line":69,"column":73},"end":{"line":69,"column":79}}]},"8":{"loc":{"start":{"line":78,"column":4},"end":{"line":80,"column":5}},"type":"if","locations":[{"start":{"line":78,"column":4},"end":{"line":80,"column":5}}]},"9":{"loc":{"start":{"line":81,"column":4},"end":{"line":83,"column":5}},"type":"if","locations":[{"start":{"line":81,"column":4},"end":{"line":83,"column":5}}]},"10":{"loc":{"start":{"line":100,"column":17},"end":{"line":100,"column":34}},"type":"binary-expr","locations":[{"start":{"line":100,"column":17},"end":{"line":100,"column":28}},{"start":{"line":100,"column":32},"end":{"line":100,"column":34}}]},"11":{"loc":{"start":{"line":111,"column":17},"end":{"line":111,"column":57}},"type":"binary-expr","locations":[{"start":{"line":111,"column":17},"end":{"line":111,"column":26}},{"start":{"line":111,"column":30},"end":{"line":111,"column":57}}]},"12":{"loc":{"start":{"line":114,"column":41},"end":{"line":114,"column":76}},"type":"cond-expr","locations":[{"start":{"line":114,"column":66},"end":{"line":114,"column":71}},{"start":{"line":114,"column":74},"end":{"line":114,"column":76}}]},"13":{"loc":{"start":{"line":124,"column":2},"end":{"line":126,"column":3}},"type":"if","locations":[{"start":{"line":124,"column":2},"end":{"line":126,"column":3}}]},"14":{"loc":{"start":{"line":143,"column":18},"end":{"line":143,"column":44}},"type":"cond-expr","locations":[{"start":{"line":143,"column":26},"end":{"line":143,"column":34}},{"start":{"line":143,"column":37},"end":{"line":143,"column":44}}]},"15":{"loc":{"start":{"line":146,"column":17},"end":{"line":146,"column":144}},"type":"binary-expr","locations":[{"start":{"line":146,"column":17},"end":{"line":146,"column":18}},{"start":{"line":146,"column":22},"end":{"line":146,"column":47}},{"start":{"line":146,"column":51},"end":{"line":146,"column":83}},{"start":{"line":146,"column":87},"end":{"line":146,"column":113}},{"start":{"line":146,"column":117},"end":{"line":146,"column":144}}]},"16":{"loc":{"start":{"line":155,"column":2},"end":{"line":155,"column":24}},"type":"if","locations":[{"start":{"line":155,"column":2},"end":{"line":155,"column":24}}]},"17":{"loc":{"start":{"line":159,"column":17},"end":{"line":159,"column":39}},"type":"binary-expr","locations":[{"start":{"line":159,"column":17},"end":{"line":159,"column":18}},{"start":{"line":159,"column":22},"end":{"line":159,"column":39}}]},"18":{"loc":{"start":{"line":167,"column":2},"end":{"line":167,"column":42}},"type":"if","locations":[{"start":{"line":167,"column":2},"end":{"line":167,"column":42}}]},"19":{"loc":{"start":{"line":201,"column":2},"end":{"line":207,"column":3}},"type":"if","locations":[{"start":{"line":201,"column":2},"end":{"line":207,"column":3}}]},"20":{"loc":{"start":{"line":201,"column":6},"end":{"line":201,"column":58}},"type":"binary-expr","locations":[{"start":{"line":201,"column":6},"end":{"line":201,"column":25}},{"start":{"line":201,"column":29},"end":{"line":201,"column":58}}]},"21":{"loc":{"start":{"line":202,"column":26},"end":{"line":202,"column":51}},"type":"binary-expr","locations":[{"start":{"line":202,"column":26},"end":{"line":202,"column":45}},{"start":{"line":202,"column":49},"end":{"line":202,"column":51}}]},"22":{"loc":{"start":{"line":204,"column":4},"end":{"line":206,"column":5}},"type":"if","locations":[{"start":{"line":204,"column":4},"end":{"line":206,"column":5}}]},"23":{"loc":{"start":{"line":248,"column":2},"end":{"line":259,"column":3}},"type":"if","locations":[{"start":{"line":248,"column":2},"end":{"line":259,"column":3}}]},"24":{"loc":{"start":{"line":268,"column":2},"end":{"line":270,"column":3}},"type":"if","locations":[{"start":{"line":268,"column":2},"end":{"line":270,"column":3}}]},"25":{"loc":{"start":{"line":281,"column":2},"end":{"line":283,"column":3}},"type":"if","locations":[{"start":{"line":281,"column":2},"end":{"line":283,"column":3}}]},"26":{"loc":{"start":{"line":305,"column":2},"end":{"line":312,"column":3}},"type":"if","locations":[{"start":{"line":305,"column":2},"end":{"line":312,"column":3}}]}},"s":{"0":3,"1":3,"2":3,"3":3,"4":3,"5":3,"6":3,"7":3,"8":3,"9":3,"10":3,"11":3,"12":3,"13":3,"14":3,"15":6,"16":6,"17":6,"18":1,"19":5,"20":5,"21":7,"22":7,"23":7,"24":0,"25":0,"26":7,"27":7,"28":7,"29":7,"30":7,"31":6,"32":6,"33":5,"34":5,"35":0,"36":1,"37":1,"38":2,"39":2,"40":0,"41":2,"42":0,"43":2,"44":23,"45":44,"46":44,"47":11,"48":31,"49":28,"50":28,"51":11,"52":5,"53":5,"54":3,"55":2,"56":10,"57":10,"58":15,"59":12,"60":12,"61":12,"62":42,"63":42,"64":12,"65":12,"66":12,"67":5,"68":7,"69":31,"70":31,"71":5,"72":1,"73":4,"74":4,"75":4,"76":4,"77":4,"78":4,"79":8,"80":7,"81":12,"82":7,"83":12,"84":7,"85":12,"86":7,"87":12,"88":7,"89":7,"90":0,"91":0,"92":0,"93":0,"94":7,"95":7,"96":5,"97":5,"98":5,"99":5,"100":0,"101":0,"102":0,"103":0,"104":9,"105":9,"106":9,"107":4,"108":9,"109":9,"110":11,"111":11,"112":5,"113":5,"114":2,"115":3,"116":3,"117":3,"118":3,"119":3,"120":2,"121":2,"122":2,"123":2,"124":2,"125":1,"126":1},"f":{"0":6,"1":7,"2":23,"3":44,"4":11,"5":31,"6":28,"7":5,"8":10,"9":15,"10":12,"11":42,"12":42,"13":12,"14":31,"15":31,"16":5,"17":8,"18":7,"19":12,"20":7,"21":12,"22":12,"23":12,"24":9,"25":11,"26":5},"b":{"0":[1,1,0,0],"1":[7,3],"2":[0],"3":[7,7],"4":[5],"5":[5,5,5],"6":[5,5],"7":[0,0,0],"8":[0],"9":[0],"10":[44,5],"11":[31,31],"12":[7,21],"13":[3],"14":[11,1],"15":[42,40,37,32,32],"16":[5],"17":[31,30],"18":[1],"19":[0],"20":[7,7],"21":[0,0],"22":[0],"23":[5],"24":[0],"25":[4],"26":[2]}}
}
