TN:
SF:src/index.ts
FN:12,(anonymous_0)
FN:18,(anonymous_1)
FNF:2
FNH:0
FNDA:0,(anonymous_0)
FNDA:0,(anonymous_1)
DA:5,0
DA:13,0
DA:19,0
DA:20,0
DA:21,0
LF:5
LH:0
BRF:0
BRH:0
end_of_record
TN:
SF:src/cli/register.ts
FN:7,getCurrentSessionMessages
FN:19,registerCompactCommands
FN:25,(anonymous_2)
FN:55,(anonymous_3)
FN:82,(anonymous_4)
FN:88,(anonymous_5)
FNF:6
FNH:0
FNDA:0,getCurrentSessionMessages
FNDA:0,registerCompactCommands
FNDA:0,(anonymous_2)
FNDA:0,(anonymous_3)
FNDA:0,(anonymous_4)
FNDA:0,(anonymous_5)
DA:10,0
DA:21,0
DA:26,0
DA:27,0
DA:28,0
DA:30,0
DA:31,0
DA:33,0
DA:34,0
DA:35,0
DA:38,0
DA:39,0
DA:41,0
DA:42,0
DA:43,0
DA:46,0
DA:47,0
DA:48,0
DA:52,0
DA:56,0
DA:57,0
DA:58,0
DA:59,0
DA:62,0
DA:64,0
DA:65,0
DA:66,0
DA:67,0
DA:68,0
DA:69,0
DA:70,0
DA:71,0
DA:72,0
DA:73,0
DA:77,0
DA:83,0
DA:85,0
DA:86,0
DA:87,0
DA:88,0
DA:89,0
DA:91,0
DA:94,0
DA:96,0
DA:97,0
DA:98,0
DA:99,0
DA:101,0
DA:102,0
DA:106,0
LF:50
LH:0
BRDA:33,0,0,0
BRDA:33,1,0,0
BRDA:33,1,1,0
BRDA:41,2,0,0
BRDA:62,3,0,0
BRDA:62,3,1,0
BRDA:69,4,0,0
BRDA:69,4,1,0
BRDA:72,5,0,0
BRDA:72,5,1,0
BRDA:85,6,0,0
BRDA:94,7,0,0
BRDA:97,8,0,0
BRF:13
BRH:0
end_of_record
TN:
SF:src/compact/config.ts
FN:16,loadConfig
FN:23,mergeConfigs
FNF:2
FNH:2
FNDA:18,loadConfig
FNDA:3,mergeConfigs
DA:9,3
DA:16,3
DA:17,18
DA:23,3
DA:24,3
LF:5
LH:5
BRDA:16,0,0,1
BRF:1
BRH:1
end_of_record
TN:
SF:src/compact/engine.ts
FN:18,getCurrentModel
FN:32,callLLM
FN:98,estimateTokenCount
FN:99,(anonymous_3)
FN:108,extractTimelineFromMessages
FN:111,(anonymous_5)
FN:112,(anonymous_6)
FN:122,extractSummaryContent
FN:133,validateSummary
FN:135,(anonymous_9)
FN:141,extractSummaryHighlights
FN:145,(anonymous_11)
FN:146,(anonymous_12)
FN:153,extractTimeline
FN:158,(anonymous_14)
FN:159,(anonymous_15)
FN:166,mergeCompactedSummaries
FN:177,(anonymous_17)
FN:179,(anonymous_18)
FN:181,(anonymous_19)
FN:188,generateSummary
FN:192,(anonymous_21)
FN:193,(anonymous_22)
FN:194,(anonymous_23)
FN:278,getContinuationPrompt
FN:291,shouldCompact
FN:299,compactSession
FNF:27
FNH:27
FNDA:6,getCurrentModel
FNDA:7,callLLM
FNDA:23,estimateTokenCount
FNDA:44,(anonymous_3)
FNDA:11,extractTimelineFromMessages
FNDA:31,(anonymous_5)
FNDA:28,(anonymous_6)
FNDA:5,extractSummaryContent
FNDA:10,validateSummary
FNDA:15,(anonymous_9)
FNDA:12,extractSummaryHighlights
FNDA:42,(anonymous_11)
FNDA:42,(anonymous_12)
FNDA:12,extractTimeline
FNDA:31,(anonymous_14)
FNDA:31,(anonymous_15)
FNDA:5,mergeCompactedSummaries
FNDA:8,(anonymous_17)
FNDA:7,(anonymous_18)
FNDA:12,(anonymous_19)
FNDA:7,generateSummary
FNDA:12,(anonymous_21)
FNDA:12,(anonymous_22)
FNDA:12,(anonymous_23)
FNDA:9,getContinuationPrompt
FNDA:11,shouldCompact
FNDA:5,compactSession
DA:2,3
DA:3,3
DA:4,3
DA:5,3
DA:18,3
DA:19,6
DA:20,6
DA:21,6
DA:22,1
DA:24,5
DA:25,5
DA:38,7
DA:39,7
DA:40,7
DA:41,0
DA:42,0
DA:45,7
DA:51,7
DA:52,7
DA:53,7
DA:54,7
DA:60,6
DA:61,6
DA:62,5
DA:63,5
DA:68,0
DA:73,1
DA:74,1
DA:77,2
DA:78,2
DA:79,0
DA:81,2
DA:82,0
DA:84,2
DA:98,3
DA:99,23
DA:100,44
DA:101,44
DA:108,3
DA:109,11
DA:111,31
DA:113,28
DA:114,28
DA:116,11
DA:123,5
DA:124,5
DA:125,3
DA:127,2
DA:133,3
DA:134,10
DA:135,15
DA:141,3
DA:142,12
DA:143,12
DA:144,12
DA:145,42
DA:146,42
DA:147,12
DA:153,3
DA:154,12
DA:155,12
DA:156,7
DA:158,31
DA:159,31
DA:166,3
DA:167,5
DA:169,4
DA:170,4
DA:171,4
DA:172,4
DA:173,4
DA:175,4
DA:177,8
DA:179,7
DA:181,12
DA:188,3
DA:192,12
DA:193,12
DA:194,12
DA:197,7
DA:201,7
DA:202,0
DA:203,0
DA:204,0
DA:205,0
DA:210,7
DA:238,7
DA:245,5
DA:248,5
DA:249,5
DA:250,5
DA:262,0
DA:268,0
DA:269,0
DA:272,0
DA:278,3
DA:279,9
DA:280,9
DA:281,9
DA:282,4
DA:284,9
DA:285,9
DA:291,3
DA:292,11
DA:293,11
DA:299,3
DA:303,5
DA:305,5
DA:306,2
DA:314,3
DA:315,3
DA:316,3
DA:317,3
DA:319,3
DA:320,2
DA:322,2
DA:323,2
DA:324,2
DA:326,2
DA:333,1
DA:334,1
LF:121
LH:108
BRDA:22,0,0,1
BRDA:22,0,1,1
BRDA:22,0,2,0
BRDA:22,0,3,0
BRDA:39,1,0,7
BRDA:39,1,1,3
BRDA:40,2,0,0
BRDA:40,3,0,7
BRDA:40,3,1,7
BRDA:62,4,0,5
BRDA:62,5,0,5
BRDA:62,5,1,5
BRDA:62,5,2,5
BRDA:65,6,0,5
BRDA:65,6,1,5
BRDA:69,7,0,0
BRDA:69,7,1,0
BRDA:69,7,2,0
BRDA:78,8,0,0
BRDA:81,9,0,0
BRDA:100,10,0,44
BRDA:100,10,1,5
BRDA:111,11,0,31
BRDA:111,11,1,31
BRDA:114,12,0,7
BRDA:114,12,1,21
BRDA:124,13,0,3
BRDA:143,14,0,11
BRDA:143,14,1,1
BRDA:146,15,0,42
BRDA:146,15,1,40
BRDA:146,15,2,37
BRDA:146,15,3,32
BRDA:146,15,4,32
BRDA:155,16,0,5
BRDA:159,17,0,31
BRDA:159,17,1,30
BRDA:167,18,0,1
BRDA:201,19,0,0
BRDA:201,20,0,7
BRDA:201,20,1,7
BRDA:202,21,0,0
BRDA:202,21,1,0
BRDA:204,22,0,0
BRDA:248,23,0,5
BRDA:268,24,0,0
BRDA:281,25,0,4
BRDA:305,26,0,2
BRF:48
BRH:35
end_of_record
